{"/Users/yeyuhao1234/Documents/public-health/app.js": {"path":"/Users/yeyuhao1234/Documents/public-health/app.js","statementMap":{"0":{"start":{"line":14,"column":12},"end":{"line":14,"column":21}},"1":{"start":{"line":15,"column":0},"end":{"line":15,"column":15}},"2":{"start":{"line":16,"column":0},"end":{"line":16,"column":24}},"3":{"start":{"line":17,"column":0},"end":{"line":17,"column":21}},"4":{"start":{"line":18,"column":0},"end":{"line":18,"column":22}},"5":{"start":{"line":19,"column":0},"end":{"line":19,"column":23}},"6":{"start":{"line":20,"column":0},"end":{"line":20,"column":29}},"7":{"start":{"line":21,"column":0},"end":{"line":21,"column":26}},"8":{"start":{"line":22,"column":0},"end":{"line":22,"column":27}}},"fnMap":{},"branchMap":{},"s":{"0":3,"1":3,"2":3,"3":3,"4":3,"5":3,"6":3,"7":3,"8":3},"f":{},"b":{},"_coverageSchema":"1a1c01bbd47fc00a2c39e90264f33305004495a9","hash":"8b4bd0608e3c3bdd265e7e3c1390482daf1919a5"}
,"/Users/yeyuhao1234/Documents/public-health/errors/UnthenticatedError.js": {"path":"/Users/yeyuhao1234/Documents/public-health/errors/UnthenticatedError.js","statementMap":{"0":{"start":{"line":7,"column":8},"end":{"line":7,"column":22}},"1":{"start":{"line":8,"column":8},"end":{"line":8,"column":51}}},"fnMap":{"0":{"name":"(anonymous_0)","decl":{"start":{"line":6,"column":4},"end":{"line":6,"column":5}},"loc":{"start":{"line":6,"column":24},"end":{"line":9,"column":5}},"line":6}},"branchMap":{},"s":{"0":1,"1":1},"f":{"0":1},"b":{},"_coverageSchema":"1a1c01bbd47fc00a2c39e90264f33305004495a9","hash":"e41d322f49f6107b58faccb8557152ac51da95fd"}
,"/Users/yeyuhao1234/Documents/public-health/errors/custom-error.js": {"path":"/Users/yeyuhao1234/Documents/public-health/errors/custom-error.js","statementMap":{"0":{"start":{"line":4,"column":8},"end":{"line":4,"column":22}}},"fnMap":{"0":{"name":"(anonymous_0)","decl":{"start":{"line":3,"column":4},"end":{"line":3,"column":5}},"loc":{"start":{"line":3,"column":24},"end":{"line":5,"column":5}},"line":3}},"branchMap":{},"s":{"0":4},"f":{"0":4},"b":{},"_coverageSchema":"1a1c01bbd47fc00a2c39e90264f33305004495a9","hash":"0e1ce078526e1ab0bed49a83cbb943a8d22eace5"}
,"/Users/yeyuhao1234/Documents/public-health/errors/validation-error.js": {"path":"/Users/yeyuhao1234/Documents/public-health/errors/validation-error.js","statementMap":{"0":{"start":{"line":5,"column":8},"end":{"line":5,"column":22}},"1":{"start":{"line":6,"column":8},"end":{"line":6,"column":50}}},"fnMap":{"0":{"name":"(anonymous_0)","decl":{"start":{"line":4,"column":4},"end":{"line":4,"column":5}},"loc":{"start":{"line":4,"column":24},"end":{"line":7,"column":5}},"line":4}},"branchMap":{},"s":{"0":3,"1":3},"f":{"0":3},"b":{},"_coverageSchema":"1a1c01bbd47fc00a2c39e90264f33305004495a9","hash":"8582b7d3435a5d005e22a181b3ec02c0be97c541"}
,"/Users/yeyuhao1234/Documents/public-health/middlewares/auth.js": {"path":"/Users/yeyuhao1234/Documents/public-health/middlewares/auth.js","statementMap":{"0":{"start":{"line":6,"column":13},"end":{"line":25,"column":1}},"1":{"start":{"line":9,"column":23},"end":{"line":9,"column":48}},"2":{"start":{"line":10,"column":4},"end":{"line":12,"column":5}},"3":{"start":{"line":11,"column":8},"end":{"line":11,"column":63}},"4":{"start":{"line":15,"column":18},"end":{"line":15,"column":42}},"5":{"start":{"line":17,"column":4},"end":{"line":24,"column":5}},"6":{"start":{"line":18,"column":24},"end":{"line":18,"column":65}},"7":{"start":{"line":19,"column":8},"end":{"line":19,"column":44}},"8":{"start":{"line":20,"column":8},"end":{"line":20,"column":14}},"9":{"start":{"line":23,"column":8},"end":{"line":23,"column":64}}},"fnMap":{"0":{"name":"(anonymous_0)","decl":{"start":{"line":6,"column":13},"end":{"line":6,"column":14}},"loc":{"start":{"line":6,"column":37},"end":{"line":25,"column":1}},"line":6}},"branchMap":{"0":{"loc":{"start":{"line":10,"column":4},"end":{"line":12,"column":5}},"type":"if","locations":[{"start":{"line":10,"column":4},"end":{"line":12,"column":5}},{"start":{},"end":{}}],"line":10},"1":{"loc":{"start":{"line":10,"column":8},"end":{"line":10,"column":55}},"type":"binary-expr","locations":[{"start":{"line":10,"column":8},"end":{"line":10,"column":19}},{"start":{"line":10,"column":23},"end":{"line":10,"column":55}}],"line":10}},"s":{"0":3,"1":1,"2":1,"3":1,"4":0,"5":0,"6":0,"7":0,"8":0,"9":0},"f":{"0":1},"b":{"0":[1,0],"1":[1,0]},"_coverageSchema":"1a1c01bbd47fc00a2c39e90264f33305004495a9","hash":"39524e746ee3bb6f1c67866d01484a904c0f49bf"}
,"/Users/yeyuhao1234/Documents/public-health/middlewares/error-handler.js": {"path":"/Users/yeyuhao1234/Documents/public-health/middlewares/error-handler.js","statementMap":{"0":{"start":{"line":5,"column":33},"end":{"line":12,"column":1}},"1":{"start":{"line":6,"column":26},"end":{"line":9,"column":5}},"2":{"start":{"line":11,"column":4},"end":{"line":11,"column":70}}},"fnMap":{"0":{"name":"(anonymous_0)","decl":{"start":{"line":5,"column":33},"end":{"line":5,"column":34}},"loc":{"start":{"line":5,"column":54},"end":{"line":12,"column":1}},"line":5}},"branchMap":{"0":{"loc":{"start":{"line":7,"column":21},"end":{"line":7,"column":73}},"type":"binary-expr","locations":[{"start":{"line":7,"column":21},"end":{"line":7,"column":36}},{"start":{"line":7,"column":40},"end":{"line":7,"column":73}}],"line":7},"1":{"loc":{"start":{"line":8,"column":13},"end":{"line":8,"column":68}},"type":"binary-expr","locations":[{"start":{"line":8,"column":13},"end":{"line":8,"column":24}},{"start":{"line":8,"column":28},"end":{"line":8,"column":68}}],"line":8}},"s":{"0":3,"1":4,"2":4},"f":{"0":4},"b":{"0":[4,0],"1":[4,0]},"_coverageSchema":"1a1c01bbd47fc00a2c39e90264f33305004495a9","hash":"1b48979174c3f06917b75fb2f7e828315399898d"}
,"/Users/yeyuhao1234/Documents/public-health/models/SurveyTypeFour.js": {"path":"/Users/yeyuhao1234/Documents/public-health/models/SurveyTypeFour.js","statementMap":{"0":{"start":{"line":3,"column":30},"end":{"line":80,"column":3}}},"fnMap":{},"branchMap":{},"s":{"0":3},"f":{},"b":{},"_coverageSchema":"1a1c01bbd47fc00a2c39e90264f33305004495a9","hash":"e11dce96d9b245b1ae4dbf64caa5530ec272d966"}
,"/Users/yeyuhao1234/Documents/public-health/models/SurveyTypeOne.js": {"path":"/Users/yeyuhao1234/Documents/public-health/models/SurveyTypeOne.js","statementMap":{"0":{"start":{"line":19,"column":29},"end":{"line":132,"column":2}}},"fnMap":{},"branchMap":{},"s":{"0":3},"f":{},"b":{},"_coverageSchema":"1a1c01bbd47fc00a2c39e90264f33305004495a9","hash":"c6484d22168c644eb4096bd82983a2656fef5aa2"}
,"/Users/yeyuhao1234/Documents/public-health/models/Token.js": {"path":"/Users/yeyuhao1234/Documents/public-health/models/Token.js","statementMap":{"0":{"start":{"line":3,"column":20},"end":{"line":19,"column":2}}},"fnMap":{},"branchMap":{},"s":{"0":3},"f":{},"b":{},"_coverageSchema":"1a1c01bbd47fc00a2c39e90264f33305004495a9","hash":"51831a991345473cdf17e92f0cb44f1322d85de6"}
,"/Users/yeyuhao1234/Documents/public-health/models/User.js": {"path":"/Users/yeyuhao1234/Documents/public-health/models/User.js","statementMap":{"0":{"start":{"line":4,"column":19},"end":{"line":75,"column":2}},"1":{"start":{"line":72,"column":12},"end":{"line":72,"column":26}},"2":{"start":{"line":78,"column":0},"end":{"line":80,"column":1}},"3":{"start":{"line":79,"column":4},"end":{"line":79,"column":91}}},"fnMap":{"0":{"name":"(anonymous_0)","decl":{"start":{"line":71,"column":8},"end":{"line":71,"column":9}},"loc":{"start":{"line":71,"column":27},"end":{"line":73,"column":9}},"line":71},"1":{"name":"(anonymous_1)","decl":{"start":{"line":78,"column":31},"end":{"line":78,"column":32}},"loc":{"start":{"line":78,"column":43},"end":{"line":80,"column":1}},"line":78}},"branchMap":{},"s":{"0":3,"1":1,"2":3,"3":6},"f":{"0":1,"1":6},"b":{},"_coverageSchema":"1a1c01bbd47fc00a2c39e90264f33305004495a9","hash":"13b05d9f259ddd2bf43185025c95fec76760051e"}
,"/Users/yeyuhao1234/Documents/public-health/routes/Auth/login.js": {"path":"/Users/yeyuhao1234/Documents/public-health/routes/Auth/login.js","statementMap":{"0":{"start":{"line":6,"column":0},"end":{"line":6,"column":15}},"1":{"start":{"line":13,"column":15},"end":{"line":13,"column":31}},"2":{"start":{"line":14,"column":0},"end":{"line":50,"column":2}},"3":{"start":{"line":15,"column":30},"end":{"line":15,"column":38}},"4":{"start":{"line":18,"column":4},"end":{"line":20,"column":5}},"5":{"start":{"line":19,"column":8},"end":{"line":19,"column":75}},"6":{"start":{"line":23,"column":4},"end":{"line":25,"column":5}},"7":{"start":{"line":24,"column":8},"end":{"line":24,"column":68}},"8":{"start":{"line":28,"column":17},"end":{"line":28,"column":44}},"9":{"start":{"line":29,"column":4},"end":{"line":31,"column":5}},"10":{"start":{"line":30,"column":8},"end":{"line":30,"column":57}},"11":{"start":{"line":34,"column":20},"end":{"line":34,"column":67}},"12":{"start":{"line":35,"column":4},"end":{"line":37,"column":5}},"13":{"start":{"line":36,"column":8},"end":{"line":36,"column":59}},"14":{"start":{"line":40,"column":18},"end":{"line":40,"column":34}},"15":{"start":{"line":43,"column":4},"end":{"line":43,"column":29}},"16":{"start":{"line":44,"column":4},"end":{"line":47,"column":6}}},"fnMap":{"0":{"name":"(anonymous_0)","decl":{"start":{"line":14,"column":34},"end":{"line":14,"column":35}},"loc":{"start":{"line":14,"column":51},"end":{"line":50,"column":1}},"line":14}},"branchMap":{"0":{"loc":{"start":{"line":18,"column":4},"end":{"line":20,"column":5}},"type":"if","locations":[{"start":{"line":18,"column":4},"end":{"line":20,"column":5}},{"start":{},"end":{}}],"line":18},"1":{"loc":{"start":{"line":18,"column":8},"end":{"line":18,"column":27}},"type":"binary-expr","locations":[{"start":{"line":18,"column":8},"end":{"line":18,"column":14}},{"start":{"line":18,"column":18},"end":{"line":18,"column":27}}],"line":18},"2":{"loc":{"start":{"line":23,"column":4},"end":{"line":25,"column":5}},"type":"if","locations":[{"start":{"line":23,"column":4},"end":{"line":25,"column":5}},{"start":{},"end":{}}],"line":23},"3":{"loc":{"start":{"line":29,"column":4},"end":{"line":31,"column":5}},"type":"if","locations":[{"start":{"line":29,"column":4},"end":{"line":31,"column":5}},{"start":{},"end":{}}],"line":29},"4":{"loc":{"start":{"line":35,"column":4},"end":{"line":37,"column":5}},"type":"if","locations":[{"start":{"line":35,"column":4},"end":{"line":37,"column":5}},{"start":{},"end":{}}],"line":35}},"s":{"0":3,"1":3,"2":3,"3":2,"4":2,"5":0,"6":2,"7":0,"8":2,"9":2,"10":0,"11":2,"12":2,"13":1,"14":1,"15":1,"16":1},"f":{"0":2},"b":{"0":[0,2],"1":[2,2],"2":[0,2],"3":[0,2],"4":[1,1]},"_coverageSchema":"1a1c01bbd47fc00a2c39e90264f33305004495a9","hash":"35c8acafc9b348548d311f758ed67ea92381ed6f"}
,"/Users/yeyuhao1234/Documents/public-health/routes/Auth/passwordReset.js": {"path":"/Users/yeyuhao1234/Documents/public-health/routes/Auth/passwordReset.js","statementMap":{"0":{"start":{"line":10,"column":0},"end":{"line":10,"column":15}},"1":{"start":{"line":12,"column":15},"end":{"line":12,"column":31}},"2":{"start":{"line":13,"column":18},"end":{"line":13,"column":40}},"3":{"start":{"line":15,"column":0},"end":{"line":86,"column":3}},"4":{"start":{"line":16,"column":35},"end":{"line":16,"column":43}},"5":{"start":{"line":18,"column":17},"end":{"line":18,"column":46}},"6":{"start":{"line":20,"column":4},"end":{"line":22,"column":5}},"7":{"start":{"line":21,"column":8},"end":{"line":21,"column":81}},"8":{"start":{"line":77,"column":20},"end":{"line":77,"column":70}},"9":{"start":{"line":78,"column":4},"end":{"line":80,"column":5}},"10":{"start":{"line":79,"column":8},"end":{"line":79,"column":85}},"11":{"start":{"line":83,"column":30},"end":{"line":83,"column":66}},"12":{"start":{"line":84,"column":4},"end":{"line":84,"column":69}},"13":{"start":{"line":85,"column":4},"end":{"line":85,"column":94}}},"fnMap":{"0":{"name":"(anonymous_0)","decl":{"start":{"line":15,"column":42},"end":{"line":15,"column":43}},"loc":{"start":{"line":15,"column":62},"end":{"line":86,"column":1}},"line":15}},"branchMap":{"0":{"loc":{"start":{"line":20,"column":4},"end":{"line":22,"column":5}},"type":"if","locations":[{"start":{"line":20,"column":4},"end":{"line":22,"column":5}},{"start":{},"end":{}}],"line":20},"1":{"loc":{"start":{"line":78,"column":4},"end":{"line":80,"column":5}},"type":"if","locations":[{"start":{"line":78,"column":4},"end":{"line":80,"column":5}},{"start":{},"end":{}}],"line":78}},"s":{"0":3,"1":3,"2":3,"3":3,"4":0,"5":0,"6":0,"7":0,"8":0,"9":0,"10":0,"11":0,"12":0,"13":0},"f":{"0":0},"b":{"0":[0,0],"1":[0,0]},"_coverageSchema":"1a1c01bbd47fc00a2c39e90264f33305004495a9","hash":"28c23a77c963c2d3ecdc22b7460906b95836d252"}
,"/Users/yeyuhao1234/Documents/public-health/routes/Auth/signup.js": {"path":"/Users/yeyuhao1234/Documents/public-health/routes/Auth/signup.js","statementMap":{"0":{"start":{"line":5,"column":0},"end":{"line":5,"column":15}},"1":{"start":{"line":12,"column":15},"end":{"line":12,"column":31}},"2":{"start":{"line":14,"column":0},"end":{"line":60,"column":2}},"3":{"start":{"line":16,"column":69},"end":{"line":16,"column":77}},"4":{"start":{"line":24,"column":4},"end":{"line":26,"column":5}},"5":{"start":{"line":25,"column":8},"end":{"line":25,"column":63}},"6":{"start":{"line":29,"column":4},"end":{"line":31,"column":5}},"7":{"start":{"line":30,"column":8},"end":{"line":30,"column":50}},"8":{"start":{"line":34,"column":24},"end":{"line":34,"column":51}},"9":{"start":{"line":35,"column":4},"end":{"line":37,"column":5}},"10":{"start":{"line":36,"column":8},"end":{"line":36,"column":59}},"11":{"start":{"line":41,"column":27},"end":{"line":41,"column":60}},"12":{"start":{"line":44,"column":17},"end":{"line":44,"column":110}},"13":{"start":{"line":45,"column":4},"end":{"line":45,"column":21}},"14":{"start":{"line":48,"column":18},"end":{"line":48,"column":34}},"15":{"start":{"line":50,"column":4},"end":{"line":58,"column":20}}},"fnMap":{"0":{"name":"(anonymous_0)","decl":{"start":{"line":14,"column":35},"end":{"line":14,"column":36}},"loc":{"start":{"line":14,"column":52},"end":{"line":60,"column":1}},"line":14}},"branchMap":{"0":{"loc":{"start":{"line":24,"column":4},"end":{"line":26,"column":5}},"type":"if","locations":[{"start":{"line":24,"column":4},"end":{"line":26,"column":5}},{"start":{},"end":{}}],"line":24},"1":{"loc":{"start":{"line":24,"column":8},"end":{"line":24,"column":79}},"type":"binary-expr","locations":[{"start":{"line":24,"column":8},"end":{"line":24,"column":14}},{"start":{"line":24,"column":18},"end":{"line":24,"column":27}},{"start":{"line":24,"column":32},"end":{"line":24,"column":41}},{"start":{"line":24,"column":45},"end":{"line":24,"column":55}},{"start":{"line":24,"column":59},"end":{"line":24,"column":71}},{"start":{"line":24,"column":75},"end":{"line":24,"column":79}}],"line":24},"2":{"loc":{"start":{"line":29,"column":4},"end":{"line":31,"column":5}},"type":"if","locations":[{"start":{"line":29,"column":4},"end":{"line":31,"column":5}},{"start":{},"end":{}}],"line":29},"3":{"loc":{"start":{"line":35,"column":4},"end":{"line":37,"column":5}},"type":"if","locations":[{"start":{"line":35,"column":4},"end":{"line":37,"column":5}},{"start":{},"end":{}}],"line":35}},"s":{"0":3,"1":3,"2":3,"3":7,"4":7,"5":0,"6":7,"7":1,"8":6,"9":6,"10":1,"11":5,"12":5,"13":5,"14":5,"15":5},"f":{"0":7},"b":{"0":[0,7],"1":[7,7,7,7,7,7],"2":[1,6],"3":[1,5]},"_coverageSchema":"1a1c01bbd47fc00a2c39e90264f33305004495a9","hash":"959e0f9080a5b5b578b5517379653653e2882d7e"}
,"/Users/yeyuhao1234/Documents/public-health/routes/Auth/updateUser.js": {"path":"/Users/yeyuhao1234/Documents/public-health/routes/Auth/updateUser.js","statementMap":{"0":{"start":{"line":4,"column":0},"end":{"line":4,"column":15}},"1":{"start":{"line":13,"column":15},"end":{"line":13,"column":31}},"2":{"start":{"line":14,"column":0},"end":{"line":51,"column":3}},"3":{"start":{"line":15,"column":65},"end":{"line":15,"column":73}},"4":{"start":{"line":16,"column":23},"end":{"line":16,"column":31}},"5":{"start":{"line":18,"column":4},"end":{"line":20,"column":5}},"6":{"start":{"line":19,"column":8},"end":{"line":19,"column":63}},"7":{"start":{"line":22,"column":17},"end":{"line":22,"column":50}},"8":{"start":{"line":23,"column":4},"end":{"line":23,"column":27}},"9":{"start":{"line":24,"column":4},"end":{"line":24,"column":30}},"10":{"start":{"line":25,"column":4},"end":{"line":25,"column":31}},"11":{"start":{"line":26,"column":4},"end":{"line":26,"column":26}},"12":{"start":{"line":27,"column":4},"end":{"line":27,"column":29}},"13":{"start":{"line":28,"column":4},"end":{"line":28,"column":29}},"14":{"start":{"line":31,"column":4},"end":{"line":31,"column":22}},"15":{"start":{"line":34,"column":18},"end":{"line":34,"column":34}},"16":{"start":{"line":36,"column":4},"end":{"line":49,"column":6}}},"fnMap":{"0":{"name":"(anonymous_0)","decl":{"start":{"line":14,"column":46},"end":{"line":14,"column":47}},"loc":{"start":{"line":14,"column":65},"end":{"line":51,"column":1}},"line":14}},"branchMap":{"0":{"loc":{"start":{"line":18,"column":4},"end":{"line":20,"column":5}},"type":"if","locations":[{"start":{"line":18,"column":4},"end":{"line":20,"column":5}},{"start":{},"end":{}}],"line":18},"1":{"loc":{"start":{"line":18,"column":7},"end":{"line":18,"column":40}},"type":"binary-expr","locations":[{"start":{"line":18,"column":7},"end":{"line":18,"column":13}},{"start":{"line":18,"column":17},"end":{"line":18,"column":26}},{"start":{"line":18,"column":30},"end":{"line":18,"column":40}}],"line":18}},"s":{"0":3,"1":3,"2":3,"3":0,"4":0,"5":0,"6":0,"7":0,"8":0,"9":0,"10":0,"11":0,"12":0,"13":0,"14":0,"15":0,"16":0},"f":{"0":0},"b":{"0":[0,0],"1":[0,0,0]},"_coverageSchema":"1a1c01bbd47fc00a2c39e90264f33305004495a9","hash":"a3986177150a369766b79109d3d927bc2986d7ed"}
,"/Users/yeyuhao1234/Documents/public-health/routes/Survey/survey.js": {"path":"/Users/yeyuhao1234/Documents/public-health/routes/Survey/survey.js","statementMap":{"0":{"start":{"line":11,"column":15},"end":{"line":11,"column":31}},"1":{"start":{"line":12,"column":0},"end":{"line":132,"column":1}},"2":{"start":{"line":13,"column":16},"end":{"line":13,"column":17}},"3":{"start":{"line":14,"column":23},"end":{"line":14,"column":25}},"4":{"start":{"line":15,"column":23},"end":{"line":15,"column":33}},"5":{"start":{"line":16,"column":22},"end":{"line":16,"column":42}},"6":{"start":{"line":18,"column":21},"end":{"line":18,"column":36}},"7":{"start":{"line":19,"column":23},"end":{"line":19,"column":31}},"8":{"start":{"line":20,"column":22},"end":{"line":20,"column":28}},"9":{"start":{"line":23,"column":4},"end":{"line":91,"column":5}},"10":{"start":{"line":24,"column":113},"end":{"line":24,"column":128}},"11":{"start":{"line":26,"column":8},"end":{"line":36,"column":9}},"12":{"start":{"line":28,"column":12},"end":{"line":31,"column":13}},"13":{"start":{"line":29,"column":16},"end":{"line":29,"column":23}},"14":{"start":{"line":30,"column":12},"end":{"line":30,"column":30}},"15":{"start":{"line":32,"column":12},"end":{"line":35,"column":13}},"16":{"start":{"line":33,"column":16},"end":{"line":33,"column":23}},"17":{"start":{"line":34,"column":12},"end":{"line":34,"column":30}},"18":{"start":{"line":38,"column":8},"end":{"line":69,"column":9}},"19":{"start":{"line":39,"column":12},"end":{"line":52,"column":13}},"20":{"start":{"line":41,"column":16},"end":{"line":41,"column":51}},"21":{"start":{"line":42,"column":24},"end":{"line":42,"column":29}},"22":{"start":{"line":44,"column":16},"end":{"line":44,"column":55}},"23":{"start":{"line":45,"column":24},"end":{"line":45,"column":29}},"24":{"start":{"line":47,"column":16},"end":{"line":47,"column":50}},"25":{"start":{"line":48,"column":24},"end":{"line":48,"column":29}},"26":{"start":{"line":50,"column":16},"end":{"line":50,"column":55}},"27":{"start":{"line":51,"column":24},"end":{"line":51,"column":29}},"28":{"start":{"line":54,"column":13},"end":{"line":69,"column":9}},"29":{"start":{"line":55,"column":12},"end":{"line":68,"column":13}},"30":{"start":{"line":57,"column":16},"end":{"line":57,"column":51}},"31":{"start":{"line":58,"column":24},"end":{"line":58,"column":29}},"32":{"start":{"line":60,"column":16},"end":{"line":60,"column":55}},"33":{"start":{"line":61,"column":24},"end":{"line":61,"column":29}},"34":{"start":{"line":63,"column":16},"end":{"line":63,"column":50}},"35":{"start":{"line":64,"column":24},"end":{"line":64,"column":29}},"36":{"start":{"line":66,"column":16},"end":{"line":66,"column":55}},"37":{"start":{"line":67,"column":24},"end":{"line":67,"column":29}},"38":{"start":{"line":71,"column":8},"end":{"line":86,"column":9}},"39":{"start":{"line":72,"column":12},"end":{"line":85,"column":13}},"40":{"start":{"line":74,"column":16},"end":{"line":74,"column":51}},"41":{"start":{"line":75,"column":24},"end":{"line":75,"column":29}},"42":{"start":{"line":77,"column":16},"end":{"line":77,"column":55}},"43":{"start":{"line":78,"column":24},"end":{"line":78,"column":29}},"44":{"start":{"line":80,"column":16},"end":{"line":80,"column":50}},"45":{"start":{"line":81,"column":24},"end":{"line":81,"column":29}},"46":{"start":{"line":83,"column":16},"end":{"line":83,"column":55}},"47":{"start":{"line":84,"column":24},"end":{"line":84,"column":29}},"48":{"start":{"line":88,"column":23},"end":{"line":88,"column":185}},"49":{"start":{"line":89,"column":8},"end":{"line":89,"column":27}},"50":{"start":{"line":94,"column":4},"end":{"line":121,"column":1}},"51":{"start":{"line":95,"column":106},"end":{"line":95,"column":121}},"52":{"start":{"line":96,"column":4},"end":{"line":101,"column":5}},"53":{"start":{"line":97,"column":8},"end":{"line":100,"column":9}},"54":{"start":{"line":98,"column":12},"end":{"line":98,"column":19}},"55":{"start":{"line":99,"column":8},"end":{"line":99,"column":26}},"56":{"start":{"line":103,"column":4},"end":{"line":116,"column":5}},"57":{"start":{"line":105,"column":8},"end":{"line":105,"column":43}},"58":{"start":{"line":106,"column":16},"end":{"line":106,"column":21}},"59":{"start":{"line":108,"column":8},"end":{"line":108,"column":47}},"60":{"start":{"line":109,"column":16},"end":{"line":109,"column":21}},"61":{"start":{"line":111,"column":8},"end":{"line":111,"column":42}},"62":{"start":{"line":112,"column":16},"end":{"line":112,"column":21}},"63":{"start":{"line":114,"column":8},"end":{"line":114,"column":47}},"64":{"start":{"line":115,"column":16},"end":{"line":115,"column":21}},"65":{"start":{"line":118,"column":19},"end":{"line":118,"column":198}},"66":{"start":{"line":119,"column":4},"end":{"line":119,"column":23}},"67":{"start":{"line":122,"column":4},"end":{"line":127,"column":13}},"68":{"start":{"line":134,"column":0},"end":{"line":147,"column":2}},"69":{"start":{"line":137,"column":23},"end":{"line":137,"column":31}},"70":{"start":{"line":139,"column":29},"end":{"line":139,"column":115}},"71":{"start":{"line":140,"column":29},"end":{"line":140,"column":117}},"72":{"start":{"line":141,"column":26},"end":{"line":141,"column":66}},"73":{"start":{"line":143,"column":4},"end":{"line":143,"column":41}}},"fnMap":{"0":{"name":"(anonymous_0)","decl":{"start":{"line":12,"column":34},"end":{"line":12,"column":35}},"loc":{"start":{"line":12,"column":52},"end":{"line":129,"column":1}},"line":12},"1":{"name":"(anonymous_1)","decl":{"start":{"line":134,"column":37},"end":{"line":134,"column":38}},"loc":{"start":{"line":134,"column":56},"end":{"line":147,"column":1}},"line":134}},"branchMap":{"0":{"loc":{"start":{"line":23,"column":4},"end":{"line":91,"column":5}},"type":"if","locations":[{"start":{"line":23,"column":4},"end":{"line":91,"column":5}},{"start":{},"end":{}}],"line":23},"1":{"loc":{"start":{"line":23,"column":7},"end":{"line":23,"column":149}},"type":"binary-expr","locations":[{"start":{"line":23,"column":7},"end":{"line":23,"column":31}},{"start":{"line":23,"column":33},"end":{"line":23,"column":65}},{"start":{"line":23,"column":67},"end":{"line":23,"column":99}},{"start":{"line":23,"column":103},"end":{"line":23,"column":125}},{"start":{"line":23,"column":129},"end":{"line":23,"column":149}}],"line":23},"2":{"loc":{"start":{"line":28,"column":12},"end":{"line":31,"column":13}},"type":"if","locations":[{"start":{"line":28,"column":12},"end":{"line":31,"column":13}},{"start":{},"end":{}}],"line":28},"3":{"loc":{"start":{"line":32,"column":12},"end":{"line":35,"column":13}},"type":"if","locations":[{"start":{"line":32,"column":12},"end":{"line":35,"column":13}},{"start":{},"end":{}}],"line":32},"4":{"loc":{"start":{"line":32,"column":15},"end":{"line":32,"column":132}},"type":"binary-expr","locations":[{"start":{"line":32,"column":15},"end":{"line":32,"column":51}},{"start":{"line":32,"column":55},"end":{"line":32,"column":132}}],"line":32},"5":{"loc":{"start":{"line":38,"column":8},"end":{"line":69,"column":9}},"type":"if","locations":[{"start":{"line":38,"column":8},"end":{"line":69,"column":9}},{"start":{"line":54,"column":13},"end":{"line":69,"column":9}}],"line":38},"6":{"loc":{"start":{"line":38,"column":11},"end":{"line":38,"column":57}},"type":"binary-expr","locations":[{"start":{"line":38,"column":11},"end":{"line":38,"column":33}},{"start":{"line":38,"column":37},"end":{"line":38,"column":57}}],"line":38},"7":{"loc":{"start":{"line":39,"column":12},"end":{"line":52,"column":13}},"type":"switch","locations":[{"start":{"line":40,"column":16},"end":{"line":42,"column":29}},{"start":{"line":43,"column":16},"end":{"line":45,"column":29}},{"start":{"line":46,"column":16},"end":{"line":48,"column":29}},{"start":{"line":49,"column":16},"end":{"line":51,"column":29}}],"line":39},"8":{"loc":{"start":{"line":43,"column":22},"end":{"line":43,"column":42}},"type":"binary-expr","locations":[{"start":{"line":43,"column":22},"end":{"line":43,"column":30}},{"start":{"line":43,"column":34},"end":{"line":43,"column":42}}],"line":43},"9":{"loc":{"start":{"line":46,"column":22},"end":{"line":46,"column":46}},"type":"binary-expr","locations":[{"start":{"line":46,"column":22},"end":{"line":46,"column":32}},{"start":{"line":46,"column":36},"end":{"line":46,"column":46}}],"line":46},"10":{"loc":{"start":{"line":49,"column":21},"end":{"line":49,"column":46}},"type":"binary-expr","locations":[{"start":{"line":49,"column":21},"end":{"line":49,"column":31}},{"start":{"line":49,"column":35},"end":{"line":49,"column":46}}],"line":49},"11":{"loc":{"start":{"line":54,"column":13},"end":{"line":69,"column":9}},"type":"if","locations":[{"start":{"line":54,"column":13},"end":{"line":69,"column":9}},{"start":{},"end":{}}],"line":54},"12":{"loc":{"start":{"line":55,"column":12},"end":{"line":68,"column":13}},"type":"switch","locations":[{"start":{"line":56,"column":16},"end":{"line":58,"column":29}},{"start":{"line":59,"column":16},"end":{"line":61,"column":29}},{"start":{"line":62,"column":16},"end":{"line":64,"column":29}},{"start":{"line":65,"column":16},"end":{"line":67,"column":29}}],"line":55},"13":{"loc":{"start":{"line":59,"column":22},"end":{"line":59,"column":42}},"type":"binary-expr","locations":[{"start":{"line":59,"column":22},"end":{"line":59,"column":30}},{"start":{"line":59,"column":34},"end":{"line":59,"column":42}}],"line":59},"14":{"loc":{"start":{"line":62,"column":22},"end":{"line":62,"column":46}},"type":"binary-expr","locations":[{"start":{"line":62,"column":22},"end":{"line":62,"column":32}},{"start":{"line":62,"column":36},"end":{"line":62,"column":46}}],"line":62},"15":{"loc":{"start":{"line":65,"column":21},"end":{"line":65,"column":46}},"type":"binary-expr","locations":[{"start":{"line":65,"column":21},"end":{"line":65,"column":31}},{"start":{"line":65,"column":35},"end":{"line":65,"column":46}}],"line":65},"16":{"loc":{"start":{"line":71,"column":8},"end":{"line":86,"column":9}},"type":"if","locations":[{"start":{"line":71,"column":8},"end":{"line":86,"column":9}},{"start":{},"end":{}}],"line":71},"17":{"loc":{"start":{"line":72,"column":12},"end":{"line":85,"column":13}},"type":"switch","locations":[{"start":{"line":73,"column":16},"end":{"line":75,"column":29}},{"start":{"line":76,"column":16},"end":{"line":78,"column":29}},{"start":{"line":79,"column":16},"end":{"line":81,"column":29}},{"start":{"line":82,"column":16},"end":{"line":84,"column":29}}],"line":72},"18":{"loc":{"start":{"line":79,"column":22},"end":{"line":79,"column":46}},"type":"binary-expr","locations":[{"start":{"line":79,"column":22},"end":{"line":79,"column":32}},{"start":{"line":79,"column":36},"end":{"line":79,"column":46}}],"line":79},"19":{"loc":{"start":{"line":82,"column":21},"end":{"line":82,"column":45}},"type":"binary-expr","locations":[{"start":{"line":82,"column":21},"end":{"line":82,"column":31}},{"start":{"line":82,"column":35},"end":{"line":82,"column":45}}],"line":82},"20":{"loc":{"start":{"line":94,"column":4},"end":{"line":121,"column":1}},"type":"if","locations":[{"start":{"line":94,"column":4},"end":{"line":121,"column":1}},{"start":{},"end":{}}],"line":94},"21":{"loc":{"start":{"line":97,"column":8},"end":{"line":100,"column":9}},"type":"if","locations":[{"start":{"line":97,"column":8},"end":{"line":100,"column":9}},{"start":{},"end":{}}],"line":97},"22":{"loc":{"start":{"line":97,"column":11},"end":{"line":97,"column":87}},"type":"binary-expr","locations":[{"start":{"line":97,"column":11},"end":{"line":97,"column":47}},{"start":{"line":97,"column":51},"end":{"line":97,"column":87}}],"line":97},"23":{"loc":{"start":{"line":103,"column":4},"end":{"line":116,"column":5}},"type":"switch","locations":[{"start":{"line":104,"column":8},"end":{"line":106,"column":21}},{"start":{"line":107,"column":8},"end":{"line":109,"column":21}},{"start":{"line":110,"column":8},"end":{"line":112,"column":21}},{"start":{"line":113,"column":8},"end":{"line":115,"column":21}}],"line":103},"24":{"loc":{"start":{"line":110,"column":14},"end":{"line":110,"column":38}},"type":"binary-expr","locations":[{"start":{"line":110,"column":14},"end":{"line":110,"column":24}},{"start":{"line":110,"column":28},"end":{"line":110,"column":38}}],"line":110},"25":{"loc":{"start":{"line":113,"column":13},"end":{"line":113,"column":37}},"type":"binary-expr","locations":[{"start":{"line":113,"column":13},"end":{"line":113,"column":23}},{"start":{"line":113,"column":27},"end":{"line":113,"column":37}}],"line":113}},"s":{"0":3,"1":3,"2":0,"3":0,"4":0,"5":0,"6":0,"7":0,"8":0,"9":0,"10":0,"11":0,"12":0,"13":0,"14":0,"15":0,"16":0,"17":0,"18":0,"19":0,"20":0,"21":0,"22":0,"23":0,"24":0,"25":0,"26":0,"27":0,"28":0,"29":0,"30":0,"31":0,"32":0,"33":0,"34":0,"35":0,"36":0,"37":0,"38":0,"39":0,"40":0,"41":0,"42":0,"43":0,"44":0,"45":0,"46":0,"47":0,"48":0,"49":0,"50":0,"51":0,"52":0,"53":0,"54":0,"55":0,"56":0,"57":0,"58":0,"59":0,"60":0,"61":0,"62":0,"63":0,"64":0,"65":0,"66":0,"67":0,"68":3,"69":0,"70":0,"71":0,"72":0,"73":0},"f":{"0":0,"1":0},"b":{"0":[0,0],"1":[0,0,0,0,0],"2":[0,0],"3":[0,0],"4":[0,0],"5":[0,0],"6":[0,0],"7":[0,0,0,0],"8":[0,0],"9":[0,0],"10":[0,0],"11":[0,0],"12":[0,0,0,0],"13":[0,0],"14":[0,0],"15":[0,0],"16":[0,0],"17":[0,0,0,0],"18":[0,0],"19":[0,0],"20":[0,0],"21":[0,0],"22":[0,0],"23":[0,0,0,0],"24":[0,0],"25":[0,0]},"_coverageSchema":"1a1c01bbd47fc00a2c39e90264f33305004495a9","hash":"0cdd8b7c52eda5a0263beb8ecb2d0e6ab524fbac"}
}
