{"/Users/yeyuhao1234/Documents/public-health/app.js": {"path":"/Users/yeyuhao1234/Documents/public-health/app.js","statementMap":{"0":{"start":{"line":11,"column":12},"end":{"line":11,"column":21}},"1":{"start":{"line":12,"column":0},"end":{"line":12,"column":15}},"2":{"start":{"line":13,"column":0},"end":{"line":13,"column":24}},"3":{"start":{"line":14,"column":0},"end":{"line":14,"column":21}},"4":{"start":{"line":15,"column":0},"end":{"line":15,"column":22}},"5":{"start":{"line":16,"column":0},"end":{"line":16,"column":27}}},"fnMap":{},"branchMap":{},"s":{"0":2,"1":2,"2":2,"3":2,"4":2,"5":2},"f":{},"b":{},"_coverageSchema":"1a1c01bbd47fc00a2c39e90264f33305004495a9","hash":"45cd3374dcc4dc1e20262a46ca2ea19a40a92c95"}
,"/Users/yeyuhao1234/Documents/public-health/errors/custom-error.js": {"path":"/Users/yeyuhao1234/Documents/public-health/errors/custom-error.js","statementMap":{"0":{"start":{"line":4,"column":8},"end":{"line":4,"column":22}}},"fnMap":{"0":{"name":"(anonymous_0)","decl":{"start":{"line":3,"column":4},"end":{"line":3,"column":5}},"loc":{"start":{"line":3,"column":24},"end":{"line":5,"column":5}},"line":3}},"branchMap":{},"s":{"0":3},"f":{"0":3},"b":{},"_coverageSchema":"1a1c01bbd47fc00a2c39e90264f33305004495a9","hash":"0e1ce078526e1ab0bed49a83cbb943a8d22eace5"}
,"/Users/yeyuhao1234/Documents/public-health/errors/validation-error.js": {"path":"/Users/yeyuhao1234/Documents/public-health/errors/validation-error.js","statementMap":{"0":{"start":{"line":5,"column":8},"end":{"line":5,"column":22}},"1":{"start":{"line":6,"column":8},"end":{"line":6,"column":50}}},"fnMap":{"0":{"name":"(anonymous_0)","decl":{"start":{"line":4,"column":4},"end":{"line":4,"column":5}},"loc":{"start":{"line":4,"column":24},"end":{"line":7,"column":5}},"line":4}},"branchMap":{},"s":{"0":3,"1":3},"f":{"0":3},"b":{},"_coverageSchema":"1a1c01bbd47fc00a2c39e90264f33305004495a9","hash":"8582b7d3435a5d005e22a181b3ec02c0be97c541"}
,"/Users/yeyuhao1234/Documents/public-health/middlewares/error-handler.js": {"path":"/Users/yeyuhao1234/Documents/public-health/middlewares/error-handler.js","statementMap":{"0":{"start":{"line":5,"column":33},"end":{"line":12,"column":1}},"1":{"start":{"line":6,"column":26},"end":{"line":9,"column":5}},"2":{"start":{"line":11,"column":4},"end":{"line":11,"column":70}}},"fnMap":{"0":{"name":"(anonymous_0)","decl":{"start":{"line":5,"column":33},"end":{"line":5,"column":34}},"loc":{"start":{"line":5,"column":54},"end":{"line":12,"column":1}},"line":5}},"branchMap":{"0":{"loc":{"start":{"line":7,"column":21},"end":{"line":7,"column":73}},"type":"binary-expr","locations":[{"start":{"line":7,"column":21},"end":{"line":7,"column":36}},{"start":{"line":7,"column":40},"end":{"line":7,"column":73}}],"line":7},"1":{"loc":{"start":{"line":8,"column":13},"end":{"line":8,"column":68}},"type":"binary-expr","locations":[{"start":{"line":8,"column":13},"end":{"line":8,"column":24}},{"start":{"line":8,"column":28},"end":{"line":8,"column":68}}],"line":8}},"s":{"0":2,"1":3,"2":3},"f":{"0":3},"b":{"0":[3,0],"1":[3,0]},"_coverageSchema":"1a1c01bbd47fc00a2c39e90264f33305004495a9","hash":"1b48979174c3f06917b75fb2f7e828315399898d"}
,"/Users/yeyuhao1234/Documents/public-health/models/User.js": {"path":"/Users/yeyuhao1234/Documents/public-health/models/User.js","statementMap":{"0":{"start":{"line":6,"column":19},"end":{"line":50,"column":2}},"1":{"start":{"line":47,"column":12},"end":{"line":47,"column":26}},"2":{"start":{"line":53,"column":0},"end":{"line":56,"column":1}},"3":{"start":{"line":54,"column":4},"end":{"line":54,"column":91}}},"fnMap":{"0":{"name":"(anonymous_0)","decl":{"start":{"line":46,"column":8},"end":{"line":46,"column":9}},"loc":{"start":{"line":46,"column":27},"end":{"line":48,"column":9}},"line":46},"1":{"name":"(anonymous_1)","decl":{"start":{"line":53,"column":31},"end":{"line":53,"column":32}},"loc":{"start":{"line":53,"column":43},"end":{"line":56,"column":1}},"line":53}},"branchMap":{},"s":{"0":2,"1":1,"2":2,"3":5},"f":{"0":1,"1":5},"b":{},"_coverageSchema":"1a1c01bbd47fc00a2c39e90264f33305004495a9","hash":"f8091d1deffd99e0d81ac9275da8fd65fe278d1a"}
,"/Users/yeyuhao1234/Documents/public-health/routes/Auth/login.js": {"path":"/Users/yeyuhao1234/Documents/public-health/routes/Auth/login.js","statementMap":{"0":{"start":{"line":6,"column":0},"end":{"line":6,"column":15}},"1":{"start":{"line":12,"column":15},"end":{"line":12,"column":31}},"2":{"start":{"line":13,"column":0},"end":{"line":49,"column":2}},"3":{"start":{"line":14,"column":30},"end":{"line":14,"column":38}},"4":{"start":{"line":17,"column":4},"end":{"line":19,"column":5}},"5":{"start":{"line":18,"column":8},"end":{"line":18,"column":75}},"6":{"start":{"line":22,"column":4},"end":{"line":24,"column":5}},"7":{"start":{"line":23,"column":8},"end":{"line":23,"column":68}},"8":{"start":{"line":27,"column":17},"end":{"line":27,"column":44}},"9":{"start":{"line":28,"column":4},"end":{"line":30,"column":5}},"10":{"start":{"line":29,"column":8},"end":{"line":29,"column":57}},"11":{"start":{"line":33,"column":25},"end":{"line":33,"column":62}},"12":{"start":{"line":34,"column":4},"end":{"line":36,"column":5}},"13":{"start":{"line":35,"column":8},"end":{"line":35,"column":59}},"14":{"start":{"line":39,"column":18},"end":{"line":39,"column":42}},"15":{"start":{"line":42,"column":4},"end":{"line":42,"column":29}},"16":{"start":{"line":43,"column":4},"end":{"line":46,"column":6}}},"fnMap":{"0":{"name":"(anonymous_0)","decl":{"start":{"line":13,"column":34},"end":{"line":13,"column":35}},"loc":{"start":{"line":13,"column":51},"end":{"line":49,"column":1}},"line":13}},"branchMap":{"0":{"loc":{"start":{"line":17,"column":4},"end":{"line":19,"column":5}},"type":"if","locations":[{"start":{"line":17,"column":4},"end":{"line":19,"column":5}},{"start":{},"end":{}}],"line":17},"1":{"loc":{"start":{"line":17,"column":8},"end":{"line":17,"column":27}},"type":"binary-expr","locations":[{"start":{"line":17,"column":8},"end":{"line":17,"column":14}},{"start":{"line":17,"column":18},"end":{"line":17,"column":27}}],"line":17},"2":{"loc":{"start":{"line":22,"column":4},"end":{"line":24,"column":5}},"type":"if","locations":[{"start":{"line":22,"column":4},"end":{"line":24,"column":5}},{"start":{},"end":{}}],"line":22},"3":{"loc":{"start":{"line":28,"column":4},"end":{"line":30,"column":5}},"type":"if","locations":[{"start":{"line":28,"column":4},"end":{"line":30,"column":5}},{"start":{},"end":{}}],"line":28},"4":{"loc":{"start":{"line":34,"column":4},"end":{"line":36,"column":5}},"type":"if","locations":[{"start":{"line":34,"column":4},"end":{"line":36,"column":5}},{"start":{},"end":{}}],"line":34}},"s":{"0":2,"1":2,"2":2,"3":2,"4":2,"5":0,"6":2,"7":0,"8":2,"9":2,"10":0,"11":2,"12":2,"13":1,"14":1,"15":1,"16":1},"f":{"0":2},"b":{"0":[0,2],"1":[2,2],"2":[0,2],"3":[0,2],"4":[1,1]},"_coverageSchema":"1a1c01bbd47fc00a2c39e90264f33305004495a9","hash":"a361880584f814e401003b3248716c91c156775d"}
,"/Users/yeyuhao1234/Documents/public-health/routes/Auth/signup.js": {"path":"/Users/yeyuhao1234/Documents/public-health/routes/Auth/signup.js","statementMap":{"0":{"start":{"line":6,"column":0},"end":{"line":6,"column":15}},"1":{"start":{"line":12,"column":15},"end":{"line":12,"column":31}},"2":{"start":{"line":13,"column":0},"end":{"line":57,"column":2}},"3":{"start":{"line":15,"column":69},"end":{"line":15,"column":77}},"4":{"start":{"line":23,"column":4},"end":{"line":25,"column":5}},"5":{"start":{"line":24,"column":8},"end":{"line":24,"column":63}},"6":{"start":{"line":28,"column":4},"end":{"line":30,"column":5}},"7":{"start":{"line":29,"column":8},"end":{"line":29,"column":50}},"8":{"start":{"line":33,"column":24},"end":{"line":33,"column":51}},"9":{"start":{"line":34,"column":4},"end":{"line":36,"column":5}},"10":{"start":{"line":35,"column":8},"end":{"line":35,"column":59}},"11":{"start":{"line":41,"column":17},"end":{"line":41,"column":94}},"12":{"start":{"line":42,"column":4},"end":{"line":42,"column":21}},"13":{"start":{"line":45,"column":18},"end":{"line":45,"column":34}},"14":{"start":{"line":47,"column":4},"end":{"line":55,"column":20}}},"fnMap":{"0":{"name":"(anonymous_0)","decl":{"start":{"line":13,"column":35},"end":{"line":13,"column":36}},"loc":{"start":{"line":13,"column":52},"end":{"line":57,"column":1}},"line":13}},"branchMap":{"0":{"loc":{"start":{"line":23,"column":4},"end":{"line":25,"column":5}},"type":"if","locations":[{"start":{"line":23,"column":4},"end":{"line":25,"column":5}},{"start":{},"end":{}}],"line":23},"1":{"loc":{"start":{"line":23,"column":8},"end":{"line":23,"column":79}},"type":"binary-expr","locations":[{"start":{"line":23,"column":8},"end":{"line":23,"column":14}},{"start":{"line":23,"column":18},"end":{"line":23,"column":27}},{"start":{"line":23,"column":32},"end":{"line":23,"column":41}},{"start":{"line":23,"column":45},"end":{"line":23,"column":55}},{"start":{"line":23,"column":59},"end":{"line":23,"column":71}},{"start":{"line":23,"column":75},"end":{"line":23,"column":79}}],"line":23},"2":{"loc":{"start":{"line":28,"column":4},"end":{"line":30,"column":5}},"type":"if","locations":[{"start":{"line":28,"column":4},"end":{"line":30,"column":5}},{"start":{},"end":{}}],"line":28},"3":{"loc":{"start":{"line":34,"column":4},"end":{"line":36,"column":5}},"type":"if","locations":[{"start":{"line":34,"column":4},"end":{"line":36,"column":5}},{"start":{},"end":{}}],"line":34}},"s":{"0":2,"1":2,"2":2,"3":6,"4":6,"5":0,"6":6,"7":1,"8":5,"9":5,"10":1,"11":4,"12":4,"13":4,"14":4},"f":{"0":6},"b":{"0":[0,6],"1":[6,6,6,6,6,6],"2":[1,5],"3":[1,4]},"_coverageSchema":"1a1c01bbd47fc00a2c39e90264f33305004495a9","hash":"c059a19d945f777964daf8acf9038d8cd5ae4921"}
}
