TN:
SF:app.js
FNF:0
FNH:0
DA:11,2
DA:12,2
DA:13,2
DA:14,2
DA:15,2
DA:16,2
LF:6
LH:6
BRF:0
BRH:0
end_of_record
TN:
SF:errors/custom-error.js
FN:3,(anonymous_0)
FNF:1
FNH:1
FNDA:3,(anonymous_0)
DA:4,3
LF:1
LH:1
BRF:0
BRH:0
end_of_record
TN:
SF:errors/validation-error.js
FN:4,(anonymous_0)
FNF:1
FNH:1
FNDA:3,(anonymous_0)
DA:5,3
DA:6,3
LF:2
LH:2
BRF:0
BRH:0
end_of_record
TN:
SF:middlewares/error-handler.js
FN:5,(anonymous_0)
FNF:1
FNH:1
FNDA:3,(anonymous_0)
DA:5,2
DA:6,3
DA:11,3
LF:3
LH:3
BRDA:7,0,0,3
BRDA:7,0,1,0
BRDA:8,1,0,3
BRDA:8,1,1,0
BRF:4
BRH:2
end_of_record
TN:
SF:models/User.js
FN:46,(anonymous_0)
FN:53,(anonymous_1)
FNF:2
FNH:2
FNDA:1,(anonymous_0)
FNDA:5,(anonymous_1)
DA:6,2
DA:47,1
DA:53,2
DA:54,5
LF:4
LH:4
BRF:0
BRH:0
end_of_record
TN:
SF:routes/Auth/login.js
FN:13,(anonymous_0)
FNF:1
FNH:1
FNDA:2,(anonymous_0)
DA:6,2
DA:12,2
DA:13,2
DA:14,2
DA:17,2
DA:18,0
DA:22,2
DA:23,0
DA:27,2
DA:28,2
DA:29,0
DA:33,2
DA:34,2
DA:35,1
DA:39,1
DA:42,1
DA:43,1
LF:17
LH:14
BRDA:17,0,0,0
BRDA:17,0,1,2
BRDA:17,1,0,2
BRDA:17,1,1,2
BRDA:22,2,0,0
BRDA:22,2,1,2
BRDA:28,3,0,0
BRDA:28,3,1,2
BRDA:34,4,0,1
BRDA:34,4,1,1
BRF:10
BRH:7
end_of_record
TN:
SF:routes/Auth/signup.js
FN:13,(anonymous_0)
FNF:1
FNH:1
FNDA:6,(anonymous_0)
DA:6,2
DA:12,2
DA:13,2
DA:15,6
DA:23,6
DA:24,0
DA:28,6
DA:29,1
DA:33,5
DA:34,5
DA:35,1
DA:41,4
DA:42,4
DA:45,4
DA:47,4
LF:15
LH:14
BRDA:23,0,0,0
BRDA:23,0,1,6
BRDA:23,1,0,6
BRDA:23,1,1,6
BRDA:23,1,2,6
BRDA:23,1,3,6
BRDA:23,1,4,6
BRDA:23,1,5,6
BRDA:28,2,0,1
BRDA:28,2,1,5
BRDA:34,3,0,1
BRDA:34,3,1,4
BRF:12
BRH:11
end_of_record
