TN:
SF:app.js
FNF:0
FNH:0
DA:14,3
DA:15,3
DA:16,3
DA:17,3
DA:18,3
DA:19,3
DA:20,3
DA:21,3
DA:22,3
LF:9
LH:9
BRF:0
BRH:0
end_of_record
TN:
SF:errors/UnthenticatedError.js
FN:6,(anonymous_0)
FNF:1
FNH:1
FNDA:1,(anonymous_0)
DA:7,1
DA:8,1
LF:2
LH:2
BRF:0
BRH:0
end_of_record
TN:
SF:errors/custom-error.js
FN:3,(anonymous_0)
FNF:1
FNH:1
FNDA:4,(anonymous_0)
DA:4,4
LF:1
LH:1
BRF:0
BRH:0
end_of_record
TN:
SF:errors/validation-error.js
FN:4,(anonymous_0)
FNF:1
FNH:1
FNDA:3,(anonymous_0)
DA:5,3
DA:6,3
LF:2
LH:2
BRF:0
BRH:0
end_of_record
TN:
SF:middlewares/auth.js
FN:6,(anonymous_0)
FNF:1
FNH:1
FNDA:1,(anonymous_0)
DA:6,3
DA:9,1
DA:10,1
DA:11,1
DA:15,0
DA:17,0
DA:18,0
DA:19,0
DA:20,0
DA:23,0
LF:10
LH:4
BRDA:10,0,0,1
BRDA:10,0,1,0
BRDA:10,1,0,1
BRDA:10,1,1,0
BRF:4
BRH:2
end_of_record
TN:
SF:middlewares/error-handler.js
FN:5,(anonymous_0)
FNF:1
FNH:1
FNDA:4,(anonymous_0)
DA:5,3
DA:6,4
DA:11,4
LF:3
LH:3
BRDA:7,0,0,4
BRDA:7,0,1,0
BRDA:8,1,0,4
BRDA:8,1,1,0
BRF:4
BRH:2
end_of_record
TN:
SF:models/SurveyTypeFour.js
FNF:0
FNH:0
DA:3,3
LF:1
LH:1
BRF:0
BRH:0
end_of_record
TN:
SF:models/SurveyTypeOne.js
FNF:0
FNH:0
DA:19,3
LF:1
LH:1
BRF:0
BRH:0
end_of_record
TN:
SF:models/Token.js
FNF:0
FNH:0
DA:3,3
LF:1
LH:1
BRF:0
BRH:0
end_of_record
TN:
SF:models/User.js
FN:71,(anonymous_0)
FN:78,(anonymous_1)
FNF:2
FNH:2
FNDA:1,(anonymous_0)
FNDA:6,(anonymous_1)
DA:4,3
DA:72,1
DA:78,3
DA:79,6
LF:4
LH:4
BRF:0
BRH:0
end_of_record
TN:
SF:routes/Auth/login.js
FN:14,(anonymous_0)
FNF:1
FNH:1
FNDA:2,(anonymous_0)
DA:6,3
DA:13,3
DA:14,3
DA:15,2
DA:18,2
DA:19,0
DA:23,2
DA:24,0
DA:28,2
DA:29,2
DA:30,0
DA:34,2
DA:35,2
DA:36,1
DA:40,1
DA:43,1
DA:44,1
LF:17
LH:14
BRDA:18,0,0,0
BRDA:18,0,1,2
BRDA:18,1,0,2
BRDA:18,1,1,2
BRDA:23,2,0,0
BRDA:23,2,1,2
BRDA:29,3,0,0
BRDA:29,3,1,2
BRDA:35,4,0,1
BRDA:35,4,1,1
BRF:10
BRH:7
end_of_record
TN:
SF:routes/Auth/passwordReset.js
FN:15,(anonymous_0)
FNF:1
FNH:0
FNDA:0,(anonymous_0)
DA:10,3
DA:12,3
DA:13,3
DA:15,3
DA:16,0
DA:18,0
DA:20,0
DA:21,0
DA:77,0
DA:78,0
DA:79,0
DA:83,0
DA:84,0
DA:85,0
LF:14
LH:4
BRDA:20,0,0,0
BRDA:20,0,1,0
BRDA:78,1,0,0
BRDA:78,1,1,0
BRF:4
BRH:0
end_of_record
TN:
SF:routes/Auth/signup.js
FN:14,(anonymous_0)
FNF:1
FNH:1
FNDA:7,(anonymous_0)
DA:5,3
DA:12,3
DA:14,3
DA:16,7
DA:24,7
DA:25,0
DA:29,7
DA:30,1
DA:34,6
DA:35,6
DA:36,1
DA:41,5
DA:44,5
DA:45,5
DA:48,5
DA:50,5
LF:16
LH:15
BRDA:24,0,0,0
BRDA:24,0,1,7
BRDA:24,1,0,7
BRDA:24,1,1,7
BRDA:24,1,2,7
BRDA:24,1,3,7
BRDA:24,1,4,7
BRDA:24,1,5,7
BRDA:29,2,0,1
BRDA:29,2,1,6
BRDA:35,3,0,1
BRDA:35,3,1,5
BRF:12
BRH:11
end_of_record
TN:
SF:routes/Auth/updateUser.js
FN:14,(anonymous_0)
FNF:1
FNH:0
FNDA:0,(anonymous_0)
DA:4,3
DA:13,3
DA:14,3
DA:15,0
DA:16,0
DA:18,0
DA:19,0
DA:22,0
DA:23,0
DA:24,0
DA:25,0
DA:26,0
DA:27,0
DA:28,0
DA:31,0
DA:34,0
DA:36,0
LF:17
LH:3
BRDA:18,0,0,0
BRDA:18,0,1,0
BRDA:18,1,0,0
BRDA:18,1,1,0
BRDA:18,1,2,0
BRF:5
BRH:0
end_of_record
TN:
SF:routes/Survey/survey.js
FN:12,(anonymous_0)
FN:134,(anonymous_1)
FNF:2
FNH:0
FNDA:0,(anonymous_0)
FNDA:0,(anonymous_1)
DA:11,3
DA:12,3
DA:13,0
DA:14,0
DA:15,0
DA:16,0
DA:18,0
DA:19,0
DA:20,0
DA:23,0
DA:24,0
DA:26,0
DA:28,0
DA:29,0
DA:30,0
DA:32,0
DA:33,0
DA:34,0
DA:38,0
DA:39,0
DA:41,0
DA:42,0
DA:44,0
DA:45,0
DA:47,0
DA:48,0
DA:50,0
DA:51,0
DA:54,0
DA:55,0
DA:57,0
DA:58,0
DA:60,0
DA:61,0
DA:63,0
DA:64,0
DA:66,0
DA:67,0
DA:71,0
DA:72,0
DA:74,0
DA:75,0
DA:77,0
DA:78,0
DA:80,0
DA:81,0
DA:83,0
DA:84,0
DA:88,0
DA:89,0
DA:94,0
DA:95,0
DA:96,0
DA:97,0
DA:98,0
DA:99,0
DA:103,0
DA:105,0
DA:106,0
DA:108,0
DA:109,0
DA:111,0
DA:112,0
DA:114,0
DA:115,0
DA:118,0
DA:119,0
DA:122,0
DA:134,3
DA:137,0
DA:139,0
DA:140,0
DA:141,0
DA:143,0
LF:74
LH:3
BRDA:23,0,0,0
BRDA:23,0,1,0
BRDA:23,1,0,0
BRDA:23,1,1,0
BRDA:23,1,2,0
BRDA:23,1,3,0
BRDA:23,1,4,0
BRDA:28,2,0,0
BRDA:28,2,1,0
BRDA:32,3,0,0
BRDA:32,3,1,0
BRDA:32,4,0,0
BRDA:32,4,1,0
BRDA:38,5,0,0
BRDA:38,5,1,0
BRDA:38,6,0,0
BRDA:38,6,1,0
BRDA:39,7,0,0
BRDA:39,7,1,0
BRDA:39,7,2,0
BRDA:39,7,3,0
BRDA:43,8,0,0
BRDA:43,8,1,0
BRDA:46,9,0,0
BRDA:46,9,1,0
BRDA:49,10,0,0
BRDA:49,10,1,0
BRDA:54,11,0,0
BRDA:54,11,1,0
BRDA:55,12,0,0
BRDA:55,12,1,0
BRDA:55,12,2,0
BRDA:55,12,3,0
BRDA:59,13,0,0
BRDA:59,13,1,0
BRDA:62,14,0,0
BRDA:62,14,1,0
BRDA:65,15,0,0
BRDA:65,15,1,0
BRDA:71,16,0,0
BRDA:71,16,1,0
BRDA:72,17,0,0
BRDA:72,17,1,0
BRDA:72,17,2,0
BRDA:72,17,3,0
BRDA:79,18,0,0
BRDA:79,18,1,0
BRDA:82,19,0,0
BRDA:82,19,1,0
BRDA:94,20,0,0
BRDA:94,20,1,0
BRDA:97,21,0,0
BRDA:97,21,1,0
BRDA:97,22,0,0
BRDA:97,22,1,0
BRDA:103,23,0,0
BRDA:103,23,1,0
BRDA:103,23,2,0
BRDA:103,23,3,0
BRDA:110,24,0,0
BRDA:110,24,1,0
BRDA:113,25,0,0
BRDA:113,25,1,0
BRF:63
BRH:0
end_of_record
